<?xml version="1.0" encoding="UTF-8"?>
<!-- Generated by org.testng.reporters.JUnitXMLReporter -->
<testsuite ignored="0" hostname="DESKTOP-2L9NM0M" failures="0" tests="1" name="TestFirefox" time="3.497" errors="0" timestamp="2021-02-17T21:08:30 IST">
  <testcase classname="generic.GenericTest" name="@BeforeMethod openApp" time="3.029">
    <failure type="java.lang.NullPointerException" message="Cannot invoke &amp;quot;org.openqa.selenium.WebDriver.get(String)&amp;quot; because &amp;quot;this.driver&amp;quot; is null">
      <![CDATA[java.lang.NullPointerException: Cannot invoke "org.openqa.selenium.WebDriver.get(String)" because "this.driver" is null
at generic.GenericTest.openApp(GenericTest.java:56)
at java.base/java.util.ArrayList.forEach(ArrayList.java:1511)
at java.base/java.util.concurrent.FutureTask.run(FutureTask.java:264)
at java.base/java.util.concurrent.ThreadPoolExecutor.runWorker(ThreadPoolExecutor.java:1130)
at java.base/java.util.concurrent.ThreadPoolExecutor$Worker.run(ThreadPoolExecutor.java:630)
at java.base/java.lang.Thread.run(Thread.java:832)
... Removed 22 stack frames]]>
    </failure>
  </testcase> <!-- @BeforeMethod openApp -->
  <testcase classname="generic.GenericTest" name="@AfterMethod closeApp" time="-1.613576310128E9">
    <skipped/>
  </testcase> <!-- @AfterMethod closeApp -->
  <testcase classname="generic.GenericTest" name="@BeforeMethod openApp" time="3.443">
    <failure type="java.lang.NullPointerException" message="Cannot invoke &amp;quot;org.openqa.selenium.WebDriver.get(String)&amp;quot; because &amp;quot;this.driver&amp;quot; is null">
      <![CDATA[java.lang.NullPointerException: Cannot invoke "org.openqa.selenium.WebDriver.get(String)" because "this.driver" is null
at generic.GenericTest.openApp(GenericTest.java:66)
at java.base/java.util.ArrayList.forEach(ArrayList.java:1511)
at java.base/java.util.concurrent.FutureTask.run(FutureTask.java:264)
at java.base/java.util.concurrent.ThreadPoolExecutor.runWorker(ThreadPoolExecutor.java:1130)
at java.base/java.util.concurrent.ThreadPoolExecutor$Worker.run(ThreadPoolExecutor.java:630)
at java.base/java.lang.Thread.run(Thread.java:832)
... Removed 22 stack frames]]>
    </failure>
  </testcase> <!-- @BeforeMethod openApp -->
  <testcase classname="generic.GenericTest" name="@AfterMethod closeApp" time="-1.613576310503E9">
    <skipped/>
  </testcase> <!-- @AfterMethod closeApp -->
  <testcase classname="regressionscripts.Myntra" name="buyMyntaProduct" time="0.0">
    <skipped/>
  </testcase> <!-- buyMyntaProduct -->
</testsuite> <!-- TestFirefox -->
