-------------------------------------------------------------------------------
Test set: TestSuite
-------------------------------------------------------------------------------
Tests run: 1, Failures: 1, Errors: 0, Skipped: 0, Time elapsed: 29.888 s <<< FAILURE! - in TestSuite
regressionscripts.Myntra.buyMyntaProduct  Time elapsed: 19.102 s  <<< FAILURE!
java.lang.AssertionError: null
	at regressionscripts.Myntra.buyMyntaProduct(Myntra.java:36)

