<?xml version="1.0" encoding="UTF-8"?>
<testng-results ignored="0" total="1" passed="1" failed="0" skipped="0">
  <reporter-output>
    <line>
      <![CDATA[Element found]]>
    </line>
    <line>
      <![CDATA[Element found]]>
    </line>
    <line>
      <![CDATA[Element found]]>
    </line>
    <line>
      <![CDATA[Element found]]>
    </line>
  </reporter-output>
  <suite started-at="2021-02-17T17:37:40 IST" name="Suite" finished-at="2021-02-17T17:38:12 IST" duration-ms="32012">
    <groups>
    </groups>
    <test started-at="2021-02-17T17:37:40 IST" name="Test" finished-at="2021-02-17T17:38:12 IST" duration-ms="32012">
      <class name="regressionscripts.Myntra">
        <test-method is-config="true" signature="setUp()[pri:0, instance:regressionscripts.Myntra@62230c58]" started-at="2021-02-17T17:37:40 IST" name="setUp" finished-at="2021-02-17T17:37:40 IST" duration-ms="364" status="PASS">
          <reporter-output>
          </reporter-output>
        </test-method> <!-- setUp -->
        <test-method is-config="true" signature="openApp()[pri:0, instance:regressionscripts.Myntra@62230c58]" started-at="2021-02-17T17:37:40 IST" name="openApp" finished-at="2021-02-17T17:37:48 IST" duration-ms="7455" status="PASS">
          <reporter-output>
          </reporter-output>
        </test-method> <!-- openApp -->
        <test-method signature="buyMyntaProduct()[pri:0, instance:regressionscripts.Myntra@62230c58]" started-at="2021-02-17T17:37:48 IST" name="buyMyntaProduct" finished-at="2021-02-17T17:38:11 IST" duration-ms="23537" status="PASS">
          <reporter-output>
            <line>
              <![CDATA[Element found]]>
            </line>
            <line>
              <![CDATA[Element found]]>
            </line>
            <line>
              <![CDATA[Element found]]>
            </line>
            <line>
              <![CDATA[Element found]]>
            </line>
          </reporter-output>
        </test-method> <!-- buyMyntaProduct -->
        <test-method is-config="true" signature="closeApp(org.testng.ITestResult)[pri:0, instance:regressionscripts.Myntra@62230c58]" started-at="2021-02-17T17:38:11 IST" name="closeApp" finished-at="2021-02-17T17:38:12 IST" duration-ms="976" status="PASS">
          <params>
            <param index="0">
              <value>
                <![CDATA[[TestResult name=buyMyntaProduct status=SUCCESS method=Myntra.buyMyntaProduct()[pri:0, instance:regressionscripts.Myntra@62230c58] output=Element found]]]>
              </value>
            </param>
          </params>
          <reporter-output>
          </reporter-output>
        </test-method> <!-- closeApp -->
        <test-method is-config="true" signature="tearDown()[pri:0, instance:regressionscripts.Myntra@62230c58]" started-at="2021-02-17T17:38:12 IST" name="tearDown" finished-at="2021-02-17T17:38:13 IST" duration-ms="502" status="PASS">
          <reporter-output>
          </reporter-output>
        </test-method> <!-- tearDown -->
      </class> <!-- regressionscripts.Myntra -->
    </test> <!-- Test -->
  </suite> <!-- Suite -->
</testng-results>
